Arguments: 
  /Users/mq/.nvm/versions/node/v14.16.1/bin/node /Users/mq/.nvm/versions/node/v14.16.1/bin/yarn add element-plus

PATH: 
  /Users/mq/.nvm/versions/node/v14.16.1/bin:/usr/local/bin:/usr/bin:/bin:/usr/sbin:/sbin:/Applications/VMware Fusion.app/Contents/Public:/Library/Apple/usr/bin:/Users/mq/.nvm/versions/node/v14.16.1/bin:/Applications/android-sdk/tools:/Applications/android-sdk/platform-tools:/Users/mq/flutter/bin:/Applications/phpstudy/Extensions/php/php7.1.32/bin:/Applications/phpstudy/Extensions/php/MySQL5.7.28/bin:/Applications/android-sdk/tools:/Applications/android-sdk/platform-tools:/Users/mq/flutter/bin:/Applications/phpstudy/Extensions/php/php7.1.32/bin:/Applications/phpstudy/Extensions/php/MySQL5.7.28/bin

Yarn version: 
  1.22.10

Node version: 
  14.16.1

Platform: 
  darwin x64

Trace: 
  TypeError: Cannot read property 'manifest' of undefined
      at _loop (/Users/mq/.nvm/versions/node/v14.16.1/lib/node_modules/yarn/lib/cli.js:6973:102)
      at _loop.next (<anonymous>)
      at Add.<anonymous> (/Users/mq/.nvm/versions/node/v14.16.1/lib/node_modules/yarn/lib/cli.js:7031:27)
      at Generator.next (<anonymous>)
      at step (/Users/mq/.nvm/versions/node/v14.16.1/lib/node_modules/yarn/lib/cli.js:310:30)
      at /Users/mq/.nvm/versions/node/v14.16.1/lib/node_modules/yarn/lib/cli.js:321:13

npm manifest: 
  {
  	"name": "@qv-vue/docs",
  	"private": true,
  	"scripts": {
  		"dev": "vitepress dev . --open --port 4000",
  		"build": "cross-env NODE_ENV=production && vitepress build .",
  		"serve": "cross-env NODE_ENV=production vitepress serve --open . --port 5000"
  	},
  	"dependencies": {
  		"@docsearch/js": "^3.0.0",
  		"@docsearch/react": "^3.0.0",
  		"@vueuse/core": "^8.0.1",
  		"axios": "^0.26.1",
  		"clipboard-copy": "^4.0.1",
  		"normalize.css": "^8.0.1",
  		"nprogress": "^0.2.0",
  		"prism-theme-vars": "^0.2.2",
  		"qv-vue": "npm:qv-vue@latest"
  	},
  	"devDependencies": {
  		"@crowdin/cli": "^3.7.8",
  		"@iconify-json/ri": "^1.1.1",
  		"@types/markdown-it": "^12.2.3",
  		"cross-env": "^7.0.3",
  		"escape-html": "^1.0.3",
  		"markdown-it": "^12.3.2",
  		"markdown-it-container": "^3.0.0",
  		"unplugin-icons": "^0.13.4",
  		"unplugin-vue-components": "^0.18.0",
  		"vite": "^2.8.6",
  		"vite-plugin-inspect": "^0.4.3",
  		"vite-plugin-windicss": "^1.8.3",
  		"vitepress-theme-demoblock": "^1.4.2",
  		"vitepress": "^0.22.3"
  	}
  }

yarn manifest: 
  No manifest

Lockfile: 
  No lockfile
